Performing Curl Test HAVE_WIN32_WINNT passed with the following output:
Change Dir: 'C:/Users/hanna/Desktop/Sisija/SisijaFight-data/application/windows/CMakeFiles/CMakeTmp'

Run Build Command(s): "C:/Program Files/Microsoft Visual Studio/2022/Community/Common7/IDE/CommonExtensions/Microsoft/CMake/Ninja/ninja.exe" -v cmTC_f04f6
[1/2] C:\PROGRA~1\MICROS~2\2022\COMMUN~1\VC\Tools\MSVC\1439~1.335\bin\Hostx64\x64\cl.exe  /nologo   /DWIN32 /D_WINDOWS /W3 -DHAVE_WIN32_WINNT  -DHAVE_WINSOCK2_H -DHAVE_WS2TCPIP_H -DHAVE_WINDOWS_H /MDd /Ob0 /Od /RTC1 -Zi /showIncludes /FoCMakeFiles\cmTC_f04f6.dir\CurlTests.c.obj /FdCMakeFiles\cmTC_f04f6.dir\ /FS -c C:\Users\hanna\Desktop\Sisija\SisijaFight\lib\curl\CMake\CurlTests.c
_WIN32_WINNT=0x0A00
[2/2] C:\WINDOWS\system32\cmd.exe /C "cd . && "C:\Program Files\Microsoft Visual Studio\2022\Community\Common7\IDE\CommonExtensions\Microsoft\CMake\CMake\bin\cmake.exe" -E vs_link_exe --intdir=CMakeFiles\cmTC_f04f6.dir --rc=C:\PROGRA~2\WI3CF2~1\10\bin\100226~1.0\x64\rc.exe --mt=C:\PROGRA~2\WI3CF2~1\10\bin\100226~1.0\x64\mt.exe --manifests  -- C:\PROGRA~1\MICROS~2\2022\COMMUN~1\VC\Tools\MSVC\1439~1.335\bin\Hostx64\x64\link.exe /nologo CMakeFiles\cmTC_f04f6.dir\CurlTests.c.obj  /out:cmTC_f04f6.exe /implib:cmTC_f04f6.lib /pdb:cmTC_f04f6.pdb /version:0.0 /machine:x64  /debug /INCREMENTAL /subsystem:console  kernel32.lib user32.lib gdi32.lib winspool.lib shell32.lib ole32.lib oleaut32.lib uuid.lib comdlg32.lib advapi32.lib && cd ."


Performing Curl Test HAVE_WIN32_WINNT passed with the following output:
Change Dir: 'C:/Users/hanna/Desktop/Sisija/SisijaFight-data/application/windows/CMakeFiles/CMakeTmp'

Run Build Command(s): "C:/Program Files/Microsoft Visual Studio/2022/Community/Common7/IDE/CommonExtensions/Microsoft/CMake/Ninja/ninja.exe" -v cmTC_7bc9a
[1/2] C:\PROGRA~1\MICROS~2\2022\COMMUN~1\VC\Tools\MSVC\1439~1.335\bin\Hostx64\x64\cl.exe  /nologo   /DWIN32 /D_WINDOWS /W3 -DHAVE_WIN32_WINNT  -DHAVE_WINSOCK2_H -DHAVE_WS2TCPIP_H -DHAVE_WINDOWS_H /MDd /Ob0 /Od /RTC1 -Zi /showIncludes /FoCMakeFiles\cmTC_7bc9a.dir\CurlTests.c.obj /FdCMakeFiles\cmTC_7bc9a.dir\ /FS -c C:\Users\hanna\Desktop\Sisija\SisijaFight\lib\curl\CMake\CurlTests.c
_WIN32_WINNT=0x0A00
[2/2] C:\WINDOWS\system32\cmd.exe /C "cd . && "C:\Program Files\Microsoft Visual Studio\2022\Community\Common7\IDE\CommonExtensions\Microsoft\CMake\CMake\bin\cmake.exe" -E vs_link_exe --intdir=CMakeFiles\cmTC_7bc9a.dir --rc=C:\PROGRA~2\WI3CF2~1\10\bin\100226~1.0\x64\rc.exe --mt=C:\PROGRA~2\WI3CF2~1\10\bin\100226~1.0\x64\mt.exe --manifests  -- C:\PROGRA~1\MICROS~2\2022\COMMUN~1\VC\Tools\MSVC\1439~1.335\bin\Hostx64\x64\link.exe /nologo CMakeFiles\cmTC_7bc9a.dir\CurlTests.c.obj  /out:cmTC_7bc9a.exe /implib:cmTC_7bc9a.lib /pdb:cmTC_7bc9a.pdb /version:0.0 /machine:x64  /debug /INCREMENTAL /subsystem:console  kernel32.lib user32.lib gdi32.lib winspool.lib shell32.lib ole32.lib oleaut32.lib uuid.lib comdlg32.lib advapi32.lib && cd ."


Performing Curl Test HAVE_WIN32_WINNT passed with the following output:
Change Dir: 'C:/Users/hanna/Desktop/Sisija/SisijaFight-data/application/windows/CMakeFiles/CMakeTmp'

Run Build Command(s): "C:/Program Files/Microsoft Visual Studio/2022/Community/Common7/IDE/CommonExtensions/Microsoft/CMake/Ninja/ninja.exe" -v cmTC_c9fee
[1/2] C:\PROGRA~1\MICROS~2\2022\COMMUN~1\VC\Tools\MSVC\1439~1.335\bin\Hostx64\x64\cl.exe  /nologo   /DWIN32 /D_WINDOWS /W3 -DHAVE_WIN32_WINNT  -DHAVE_WINSOCK2_H -DHAVE_WS2TCPIP_H -DHAVE_WINDOWS_H /MDd /Ob0 /Od /RTC1 -Zi /showIncludes /FoCMakeFiles\cmTC_c9fee.dir\CurlTests.c.obj /FdCMakeFiles\cmTC_c9fee.dir\ /FS -c C:\Users\hanna\Desktop\Sisija\SisijaFight\lib\curl\CMake\CurlTests.c
_WIN32_WINNT=0x0A00
[2/2] C:\WINDOWS\system32\cmd.exe /C "cd . && "C:\Program Files\Microsoft Visual Studio\2022\Community\Common7\IDE\CommonExtensions\Microsoft\CMake\CMake\bin\cmake.exe" -E vs_link_exe --intdir=CMakeFiles\cmTC_c9fee.dir --rc=C:\PROGRA~2\WI3CF2~1\10\bin\100226~1.0\x64\rc.exe --mt=C:\PROGRA~2\WI3CF2~1\10\bin\100226~1.0\x64\mt.exe --manifests  -- C:\PROGRA~1\MICROS~2\2022\COMMUN~1\VC\Tools\MSVC\1439~1.335\bin\Hostx64\x64\link.exe /nologo CMakeFiles\cmTC_c9fee.dir\CurlTests.c.obj  /out:cmTC_c9fee.exe /implib:cmTC_c9fee.lib /pdb:cmTC_c9fee.pdb /version:0.0 /machine:x64  /debug /INCREMENTAL /subsystem:console  kernel32.lib user32.lib gdi32.lib winspool.lib shell32.lib ole32.lib oleaut32.lib uuid.lib comdlg32.lib advapi32.lib && cd ."


Performing Curl Test HAVE_WIN32_WINNT passed with the following output:
Change Dir: 'C:/Users/hanna/Desktop/Sisija/SisijaFight-data/application/windows/CMakeFiles/CMakeTmp'

Run Build Command(s): "C:/Program Files/Microsoft Visual Studio/2022/Community/Common7/IDE/CommonExtensions/Microsoft/CMake/Ninja/ninja.exe" -v cmTC_3acab
[1/2] C:\PROGRA~1\MICROS~2\2022\COMMUN~1\VC\Tools\MSVC\1439~1.335\bin\Hostx64\x64\cl.exe  /nologo   /DWIN32 /D_WINDOWS /W3 -DHAVE_WIN32_WINNT  -DHAVE_WINSOCK2_H -DHAVE_WS2TCPIP_H -DHAVE_WINDOWS_H /MDd /Ob0 /Od /RTC1 -Zi /showIncludes /FoCMakeFiles\cmTC_3acab.dir\CurlTests.c.obj /FdCMakeFiles\cmTC_3acab.dir\ /FS -c C:\Users\hanna\Desktop\Sisija\SisijaFight\lib\curl\CMake\CurlTests.c
_WIN32_WINNT=0x0A00
[2/2] C:\WINDOWS\system32\cmd.exe /C "cd . && "C:\Program Files\Microsoft Visual Studio\2022\Community\Common7\IDE\CommonExtensions\Microsoft\CMake\CMake\bin\cmake.exe" -E vs_link_exe --intdir=CMakeFiles\cmTC_3acab.dir --rc=C:\PROGRA~2\WI3CF2~1\10\bin\100226~1.0\x64\rc.exe --mt=C:\PROGRA~2\WI3CF2~1\10\bin\100226~1.0\x64\mt.exe --manifests  -- C:\PROGRA~1\MICROS~2\2022\COMMUN~1\VC\Tools\MSVC\1439~1.335\bin\Hostx64\x64\link.exe /nologo CMakeFiles\cmTC_3acab.dir\CurlTests.c.obj  /out:cmTC_3acab.exe /implib:cmTC_3acab.lib /pdb:cmTC_3acab.pdb /version:0.0 /machine:x64  /debug /INCREMENTAL /subsystem:console  kernel32.lib user32.lib gdi32.lib winspool.lib shell32.lib ole32.lib oleaut32.lib uuid.lib comdlg32.lib advapi32.lib && cd ."


